262415931:292419-cd69c27e-c969-4790-85b4-7fed1f02b0d2:Shina Akinboboye 11/4/17
546088297:292418-8d42917c-48f3-45c0-b76e-3305dbfdcd7c:Phuong Nguyen - 11.04.2017
592005903:292288-c5243b23-eb41-4d91-85ce-7bad303c1116:Wayne Woo Young Hong - 11.03.2017
847843360:292158-21db03e1-8b71-4ba9-8440-b6c91f89204a:Edison Alulema 11/2/17
709531528:292156-e711a7fd-6ab8-494e-a507-7abe71721f39:Joseph Lawson - 11.02.2017
831391825:292000-c5caea1b-5629-4579-a669-c4539572dd7f:William Kimak - 11.01.2017
279216859:291869-1c418b83-68b9-40c3-905d-afb54799382f:Jeff Gore 10/31/17
723671102:291868-7cde3f1d-03d4-4cf8-813e-4ebcc92fafc2:Artem Ipatev - 10.31.2017
141386214:291436-a3ba0d8a-9a56-4dd9-8bd1-a48547f7b58e:Allegra Berndt - 10/28/17
456521282:291409-501f97ce-2811-4f9b-a92a-2fc7fb632ce5:Dongjin Xu - 10.28.2017
994827007:291280-87bcd996-009b-4bae-814e-6aa283c884ed:Chidiebere Nkwazema - 10.27.2017
739756124:290428-49e60c59-620d-4cc8-bbe1-f627a8ac98d9:Moe Tabouti - 10/21/2017
694507501:290290-d23ddbc8-b602-4e7d-90f7-2a5b1751a044:Kevin Lam 10/20/17
185215308:290003-db59b0e5-3775-4ebd-a14b-6ea13abafc5d:Ziyovuddin Shamsiddini 10/18/17
797937417:289852-5b489da8-e79f-4f66-8633-abd0962ccf35:Caio Araujo Roper - 10/17/17
633364558:289720-11a383fe-571e-4de2-ac02-26c914782599:Mitchell Hung 10/16/17
469275973:289132-6175c12c-b89c-491d-b917-5dd70686da95:Mehreteab Kidane - 10/12/17
800565972:288976-0a2e7f75-68a8-4e43-8cab-243e9d7a1b66:Charlie Dieter - 10/11/2017
987072987:288844-3b240ef0-97b9-408e-92e1-b70940ea8ccd:Marvin Baker 10/10/17
892264388:288386-c08a1914-8ab9-4772-85d9-d9088079584d:Anthony Barker - 10-7-2017
729441008:288256-e8322eaf-6484-4a96-acf1-2486db2305c7:Jimmy Kang - 10/06/2017
789279151:288142-299608e8-8b5d-41fc-81ea-e52c984495bd:Marcus Hausler - 10/05/17
159737123:288124-bfc3c413-72ce-4a94-914c-297f90954ae6:Alex Friedman - 10/05/17
119092055:287986-ff3bfd33-3c24-49ef-b3b6-67d75533826b:Caio Araujo Roper - 10/04/17
401883055:287698-293cb9f2-43ea-477e-9b94-26ae6dece028:Luis Rincon - 10/02/17
349816784:287376-605b9053-1743-44dd-85ca-55cd1bf5a5c0:Aaron Chan - 9/30/17
209448563:287116-c3eea81c-258b-4e85-9646-cc5fecb6d22b:Logan McBride - 09/28/17
213048930:286396-4184b7a4-7b1a-4d0c-a174-bf6229f9943b:Andrew Lichtenstein 09-23-2017
274076065:285953-460c42a0-c57b-4a6a-b850-8e89a71bb6cb: Jessica Wolvington 09-20-2017
285540013:285821-9aae0dd3-eb32-4d34-9b45-d658264f5f84:Wen Zhang 9-19-2017
372262305:285683-a01d50b2-1a7d-4be1-a6a4-4ac6a65f4441:Yang Zhou 09/18/17
235647785:285361-eb37f74a-2404-4961-b1fe-bc6627f60d76:Ryan Mascolo - 09-16-17
771563931:285100-bece0e98-7266-4ddc-b70d-3d36f0673359:Samuel Huang - 09/14/2017 
356553465:284812-74d5e040-5101-4ee0-85b8-884e15c44deb:Tashawn Williams - 9/12/2017
281700705:284382-f4ebe259-23d2-42a3-9e83-f4d42b56cfd7:Gabriela Josebachvili - 09/09/2017
297137102:284111-dbd1fdde-a504-4f79-b10b-9ccac56b631a:Sam Alsmadi 09/07/17
815948137:283927-a85fbaf5-b72f-40ce-aa6f-ed44cb36a211:Gustaf Brostedt - 09/06/2017
937076131:283935-eff8b0a0-3af7-4aa2-a8f7-c3ee99f50939:Jordan Holliday 09/06/2017
562685193:283372-35566231-9ca6-4575-9d6c-a5769710d700:Lenique Noralez - 09/02/2017
403601925:283216-da51641f-dbbc-43a8-b8ae-9304cefc80f9:Bryan Clark - 9/1/2017
966717609:282796-2e1962c7-bc17-4b82-9ac0-bff5a3672801:Chris Peter - 08/29/2017
145455433:282364-356989da-0f49-4644-84cf-3aec6482c1ac:Yang Zhou - 08/26/2017 
582059075:282336-836d45d3-504d-4b78-9d6d-018af8e6791f:Adam Mateo - 08/26/2017
161021984:282229-c01240c6-31fc-4ac8-b2e2-9ea79747103b:Ethan Lipkind - 08/25/2017
559480182:282208-c6858459-7455-49d8-9d3c-9875256fadc7:Devin Encalada - 08/25/2017
274004669:282076-88637e8d-12a4-4a66-b917-516c41f8e57e:Samuel Kwak - 08/24/2017
291960569:281788-b866f53f-f774-451d-85e8-89beade62a6a:Ildar Khabibrakhmanov - 08/22/2017
879317538:281328-73b4a16e-5d72-4a3c-914d-0b830012734e:Satoshi Takeda - 08/19/2017
704006526:280779-3183c327-8747-4e10-b65c-575786525fd6:John Tenezaca - 08/15/2017
755395304:280347-af3c7f02-78e9-455f-9ba7-b0ef0d784b63:Cory Baker - 08/12/2017
185626263:280182-347643a6-e49f-4072-8d7d-e318b59afcd4:Vi Tran - 08/11/2017
324050976:280059-fb902b7b-5365-481f-9bca-617668da9406:Jacquelyn Wax - 08/10/2017
863937753:279340-e8d71193-0b44-475d-8f93-6998a52c4b3f:Albert Chen - 08/05/2017
102987909:279184-dd7fa316-21d0-4f67-917e-cf76cfb371d1:Vesna Tan - 08/04/2017
942405309:279050-da0e8f21-e7de-467b-8762-bb80bdc81185:Gabriel DeFazio - 08-03-17
344490853:278626-63963ce2-f2c4-40c0-b9d2-ca2252d57f70:Eren Erdogan - 07/31/2017
630179567:277906-a1d9cac9-f9a2-4947-ad93-a1ba67f93399:Alice Kong - 7/26/2017
830924210:277774-7892fa50-d02e-4e74-b355-12eaf70aab8c:David He - 7/25/2017
989603445:277618-42166929-d228-49b7-b22a-f2f553f7cb76:Jonathan Tross - 7/24/2017
416389820:277324-8e0cafa3-59ad-4cc6-8940-0c5867fdc278:Shaina Shockley - 7/22
166849306:277297-5aa62d62-7cd1-49ce-8428-eb46591e49d6:Davia DeNisco - 7/22/2017
386745932:276289-667872f6-7b71-4002-9e7a-3e6fce4f5815:Claire Liu - 7/15/2017
868515538:275890-b92f71c1-2e06-4a11-b8b6-12806bf3e827:Kevin Wu - 7/12/2017
615689955:275602-e25e7462-6bf5-4b4c-ba41-e09e31c73260:Silvia Chung - 7/10/2017
671254628:275039-ff28c593-322f-4978-af2c-80995f9908ff:Albert Chen
762200632:275020-1f13c245-880e-473e-8eb4-7e90c2b0878d:pradyut madhavaram - 7/6/2017
311660548:274273-8f6d97f5-d169-43dd-8e5e-056629035219:Justin Slabbert - 7/1/2017
356250118:274030-70336314-6eac-4e2f-a17b-f5c827180b1e:Minwoo Kim - 6/29/2017
167421527:273724-037035e7-991b-4ebc-8334-5ce0183bc77b:Paul Brown - 6/27/2017
803334645:273265-116de59b-30ef-4172-8e5e-01186363aaa5:Jonathan-Epstein-6/24/2017
475847646:273022-0d04a8ce-b186-4b34-9868-75137e4009c2:Simon Zheng - 6/22/2017
376207595:272716-7be8c59c-5b30-4c0e-ba02-6f992b43a32f:Dylan McBurnett - 6/20/2017
728654688:272581-b4e88746-9213-4633-aa99-fa7a5a04d8e9:Vincent Vuong -- Int Ian Culleton
175825138:272577-f5348d55-1aaa-4832-b666-7b900fd892ac:Bharat Kilaru -- Int. Ian Culleton
700395459:272572-2a9df5b9-2ff7-45b7-abd7-f8a54ec7df27:Kai Chen -- Int. Ian Culleton
455411960:272568-283b2834-e596-40a1-9b52-34be209cc9e8:Jonathan Yuen -- Int. Ian Culleton
970400296:272257-436c2b1e-43d4-4387-bd16-f3f4dac7264b:Jonathan Yuen - 6/17/2017
509192159:271995-e2dd4bc6-93d5-4298-a6b1-81b0dd951a0c:David Veytsman - 6/15/2017
966938191:271708-cf4d86db-1df0-40d2-b0e5-2df25a55a9ec:Max Peng - 6/13/2017
681505255:271276-a9570058-bff5-4b16-a3d6-07c3ef8e39f5:Ram Kakkad - 6/10/2017
622849393:271006-0168f2db-efd3-4bb2-b0ea-07cc5d1a76bc:David Zou - 6/8/2017
73228676921:270850-56a41e0d-08f2-4b50-977d-6134e7884829:Hack's Meeting
977594370:270718-a017319d-df17-4775-957c-5cee2c260b6e:Eric Shum - 6/6/2017
138816348:269980-386f1c27-e5de-462a-a762-1dc81240d18e:Nathalie Nayman - 6/1/2017
