535375382:292477-e84699dc-8c9d-496f-97e0-80760f0171c9:Clement Yuan - 11/4/17
726866721:292442-d3ab4d68-b8ab-4154-846d-1bff2aec3eae:Ankit Aggarwal
300465735:292324-b794b692-eee6-4f22-8d65-53e83b2882be:WILLIAM VEDASTUS -11/03/17
976183342:291450-1858360d-8c8d-4bd2-a64f-4befdca2404e:Santosh Gorla - 10/28/17
371060049:291292-4922d72d-677b-4272-8659-810a19bbc620:Okyanus Atlas - 10/27/17
362857118:290996-2508c0d7-4750-46c6-97ee-2b7e59c47480:Fickry Bil Iman-10/25/17
187366778:289893-0ff946f2-d398-46c2-a228-91806026eaaf:Dongjin Xu - 10/17/17
420761031:288444-e92f6f60-542c-4bae-866c-ee8773875de8:Munkei Keton - 10/7/17
387309724:288435-a6896bb2-9cf1-4d83-ba1c-786f93385924:Rouyun(Lory) Zhang - 10/7/17
594508357:288426-e8d6b961-59ac-44ea-979f-34a2a710dfc2:Ehtisham Shami - 7/10/17
849499953:288258-1f6796ff-b5b5-4276-8f1f-e6f59b2276dd:Steven Lee - 10/6/17
757403928:288165-63cc6bbd-3eda-420d-aebd-ad0311bbafdc:Albert Wong - 10/5/17
726057797:288145-64881277-5c05-4f35-83bc-d999b83737f5:Huy Steve Cao-10/05/2017
307114032:288106-e8faac00-e6c3-4b88-8e24-4eb9f16cdcdd:Chang Yang - 10/5/17
632465193:287962-f701f5a4-5321-43cf-ba35-21baa6cbd385:Ankit Aggarwal - 10/4/17
229954240:287427-10f3c031-2b4f-4f68-83b5-58ebcea5f928:Ace White - 9/30/17
453118058:287265-324edd13-aa44-4f38-bae8-afee95bb1846:Ryan Ngo - 9/29/17
211641166:287157-7171fbf6-538e-4ea4-9046-1353153d1f6c:Clark DeNunzio - 9/28/17
233761309:287098-20f9ee8a-6f48-43b2-8f8e-0b6a9e59eda1:Oluwagbemiga Adejoorin - 9/28/17
358420045:286953-c66f6815-5be7-4708-bd3c-446722ae3e9c:Jimmy Smith - 9/27/17
665599892:286418-4e120910-d9e8-485a-a469-7b36768353a6:Gerardo Mercado - 9/23/17
524999618:286091-4ebe853d-05d9-40ac-9db8-e0e2e19451a2:Jack Heseltine - 9/21/17
890221593:285385-488a4237-8e0d-4a1e-bffe-996ee778b029:VASYL NESTERENKO - 09/16/2017
981039148:285142-2364d659-1b88-45ee-b41f-a4ad29ba55f2:Jason Oats - 9/14/17
268707126:284980-c5c5ac30-b229-40de-82fb-54397fd02958:Cory Moore - 9/13/17
201385812:284377-a1bf846b-1562-41fb-8513-7ffff6545e21:Alex Wells - 09/09/2017
297594874:284074-83430323-2d63-4ac6-b428-115adaddab42:Jonathan Schwartz - 9/7/17
257753498:283828-30299ecc-0b07-4581-8075-76eb5de9693a:Edgar Meza - 09/05/2017
256253728:283805-69a88e90-2e0c-4c32-9bd9-6e6d1e16704e:Greg D'Alessandro - 09/05/2017
984192769:282219-6932ca10-4d6c-475b-8bad-c39288281b68:Andrew Madden - 08/25/17
792484100:282202-384604bd-cc2c-489a-95d1-5952086a5ff5:Shingo Konnai - 8/25/17
225431339:281923-40878e8a-a008-4ed4-a694-ceedd326e827:Joseph Kholodenko - 08/23/2017
984192769:281634-2d87260a-f15e-42ef-9f20-b489bd5d1f77:Christopher Poole - 08/21/17
529924386:281203-2a8a349e-0f7a-4112-9023-56fd55e65843:Sunil Sundar - 08/18/2017
828588670:281109-7628ab85-7fdf-41eb-81a0-0a9d3417c9f3:Grant Spillsbury
563030231:281059-d5aab81d-1bbd-4d64-a60d-2ff682141511:Shamir King - 08/17/2017
179489900:281050-faaa364d-395e-4284-a278-f2053aeb4b6b:George Yudin - 8/17/17
342273326:280956-9c92b71c-8ee9-4371-8747-076edbd78808:Muhammad Alhabash - 08/16/17
476618743:280915-59fa38cd-1e7b-4e7a-ab6f-da904d45861c:Ridwan Faniyi
121362983:280771-72dc513e-e72e-474c-a076-40b97aaeca82:Spencer Cornelia - 08/15/2017
836820784:280225-6e1c2d0b-f896-43bb-8a05-3f9bb60cf5aa:Rob Birch 8/11/17
985800835:280203-4750ea99-c971-4223-b93d-19f74f23e9a5:Prakash Khadka - 08/11/17
342467488:280195-9226a31a-d654-4b66-8d3d-74f9f8344c23:Michelle Lockett - 08/11/2017
763639523:280187-1d2d18a4-c5bc-4257-9a82-06ee28e99e15:Samuel Dalusung - 08/11/17
365402846:280102-6a8e9180-a57e-402d-a9ee-df536cbe0a5b:Jonathan Tang 08/10/17
730293886:279948-dd55611c-6966-4bd4-9006-736176213e34:Alison Medhurst - 08/09/17
338168172:279940-26e87af0-3251-4118-9b75-b8a6fddc3a11:Krista Abraham - 08/09/2017
886941141:279804-51f77258-c80b-42be-834f-fd2fb6287cf9:Ryan Sabo 08/08/17
396221033:279364-e3c2681b-c010-4848-895a-9a55073ce0fe:Shamir King 08/05/17
360741805:279194-da581ec9-b3ff-4d96-b83d-9741226762e1:Prakash Khadka - 08/04/17
919735193:279043-d8dca8e8-2d26-4807-b0ec-bbf1c800f607:Kate Stamas - 08/03/2017
475690110:278619-42a5da82-d22d-488d-9df0-b74223cf6499:Raphael Croce - 07/31/17
421371474:278602-8ab62b66-9a7b-4307-ba7a-95577a1d97a2:Adelle Housker - 07/31/2017
943425013:278329-5018a21d-05a8-49c7-941b-601eb3d6638d:Salauddin Gazi - 07/29/2017
653662827:277644-62c52191-5d80-4027-a8ca-bc813cc7dedd:Samantha Huang - 07/24/17
171137908:276749-32eda055-64d5-4dea-8115-77fa3f697bac:Kevin Bazira - 07/18/2017
531352082:276314-5b3260e9-a03f-40a8-b244-c5087fd66082:Roseanne Choi - 07/15/2017
173120817:275741-236ab973-82e4-4649-9105-a2e4d82ffa70:Raymond Oluoch - 07/11/2017
285881556:275305-e891afaa-8e4e-4653-a32c-21e7c8270a10:Jared Horne 07/08/2017
863152913:274908-b7350794-1b11-4d1b-88b8-61fe7a6d7f77:Arthur Ibik - 07/05/17
807410639:274756-c6912117-60ef-4522-8b82-b07b9bf727ae:Lillian Lee - 07/04/17
944877345:274630-536c7524-7f45-46f1-9ecf-74b4a67660fb:Dennis Gonzalez - 07/03/17
725100133:274179-1e4f2285-76ab-4f31-a58b-259363dce823:Nathan Icart - 06/30/17
328946026:274138-f14b4587-7065-47ba-8335-aa113988c0db:Nicholas Gratzick - 06/30/17
371068012:274137-b66b7c66-b7fc-4e49-8acb-f886fb5c2ca6:Daniel Dai
816980320:274036-ac79bbdc-54a4-4484-9695-5e41c5acaaf6:Lillian Lee - 06/29/2017
896913741:274036-22ae6fb4-a9a2-4b23-a42c-84f8b5d5ccca:Nickolas Ayres - 06/29/17
138355025:274004-436cce4e-134a-4bb4-a3a5-c40f815c332a:Lukas Stateczny - 06/29/17
634979933:273994-8c78ce5a-edef-433b-a318-7e63d52ed4d5:Wade Boam - 06/29/17
883910967:273994-a29b9bc3-854d-4d86-a617-00e9d080581b:Douglas Salazar - 06-29/2017
195397389:273994-a2816924-e18e-42ad-8bb0-07fa5cdb5113:Gregory Helton - 06/29/17
702165395:273899-c5667b5e-5356-4553-b5c8-6e52cf140907:Phillip Schmidt - 06/28/17
877139571:273705-f1f3b61c-5a95-4bb2-837d-e619d3b159e1:Adam Kearney - 06/27/17
410466729:273621-a06e7870-c6bb-4e2c-9b50-4f2fbb519e64:Zachary Biernat - 06/26/17
589914128:273570-68524887-73a2-4d55-a387-dda9f2452b9e:Darshan Shah - 06/26/17
790392561:273562-cbb7199d-8c83-4b97-ae00-632df7594457:Saumil Sharma - 06/26/17
793195171:273561-33e16bca-5bcc-4513-9b96-bdd9973b4517:Siwei Zeng - 06/26/17
120340990:273004-b4cfacda-8ec3-4c3b-92ad-9f005be7bab5:Luiz Paulo Toniazzo Martins - 06/22/17
569633607:272994-a9dc9b2f-cb60-4c1c-9b0e-4edc028dcd0b:Glen Pegado - 06/22/17
539712083:272985-307c9dc4-9de5-4a28-8f5a-b7b0243cd0d9:Colin Crawford - 06/22/17
431543323:272884-18a52161-1144-4728-8048-51710fe6dd56:Akash Goswami -06/21/17
361876930:272707-c9a46045-b550-4bdb-bd17-de4f0bf0cd7d:Isabel Vazquez - 06/20/17
716490177:272563-33ce623f-5dd9-4dbc-858f-095ed87d6bc7:Christian Emiyah - 06/19/17
831159731:272281-f0c12eca-f5fa-4b8b-8304-dbe9f48bddb2:As-har Dweear - 06/17/17
541329547:272019-e718ca93-218d-441a-9990-6ff28a9ddffb:Shotola Hammed
675194895:270878-e12feea4-6c66-44a5-875e-392ae1a8c585:Seyi Onifade - 06/07/17
399279889:269979-f3484c76-a898-4394-83cc-6463a4bd06a2:Jason Wong - 06/01/17
