501667807:292323-3eb88a71-b4eb-4d23-ac90-dff25240d454:Vi Tran 11/3/17
266331044:292300-76b5f183-20a7-4d3c-b35c-18ba0448d9c0:Dave Cohen - 11/3/17
672827454:292034-bcf10922-8193-4752-9235-707ebe4a21f5:Clifford Kang 11/1/17
285738893:291172-c44d860f-f24a-4423-a2a1-9b92542fa7a9:Shachi Patel 10/26/17
318080361:290739-58beaa30-f870-4ebd-ad5b-185b21ac22d9:Jonathan Kim 10/23/17
730966471:290018-94caa6b5-bd5b-4ba1-b9d2-c42debda4102:Sean Mangosing 10/18/17
462695870:289852-0537cfb0-f5a8-4681-a80d-56af9e404bb1: Lubembe Michael 10/17/2017
309239235:289417-43c21082-93e2-4982-9a04-116581fa41c3:Henry Neale - 10/14/17
726183779:289308-94ad7227-7629-413d-a1aa-223f15f01b65:Randall Taylor
391351080:289020-e4ea0c04-470b-4b85-90cf-c27949d14360:Habib Qureshi - 10/11/17
162925963:288426-5c4c7e7c-60c1-4551-a01f-dc8eb2e87e31:Joseph Goode 10/7/17
109319862:288300-a171f426-0e37-4709-b8ae-6011ab9cc20b:William Putnam 10/6/17
882420889:288268-82cddac6-5e4c-4a4e-9278-3c150cc8c56a:Eric Powell - 10/6/17
635992336:287282-8fd3a20e-a2ce-4b31-a001-d2bffb150edf:Trevor Seitz 9/29/17
664644875:284987-64deb64d-2d7a-41d9-8f00-2761d039892b:Joshua Cintolo 9/13/17
257030959:284395-705bcdef-7298-4ce9-800c-e3a37ef99928:Eric Tang 9/9/17
570245759:284268-187eafc5-4f68-4efd-923d-ceec2516dce2:Nick Olivieri 9/8/17
602770284:283125-4d37ab33-9e93-40c7-a8fe-34696edd4f28:Eric Tang - 8/31/17
133811730:282397-5de5f0d4-15b7-4fe2-bfc4-d54f48ed78e5:Suket Patel - 8/26/17
642684603:282378-500810f2-668d-4b22-b6db-6a8949fae815:Rob Birch - 8/26/17
466106222:281389-b3be2056-f1a6-4609-b2e5-03dc84cb1421:Dean Hamann 8/19/17
990705869:281380-9959fda1-5715-4295-8c60-241bea35d0ae:Ifunanya Ukachukwu - 08/19/17
881898550:281371-c331d34f-83e5-4c3f-9119-5865499d4e59:Maxwell Legocki - 08/19/17
994919802:281252-656e000f-7f76-4e6c-9cf9-42d889501125:8/18/17 Grace Ko Part 2
438730726:281244-d58cfe61-4342-44aa-98a2-d65ddeebff47:Kevona Eaglin 8/18/17
697613113:281202-783ccf7f-70d4-46fb-b9e4-6876bfb7984b:Eric Lau - 08/18/17
171036253:280947-784d876a-c6be-45e2-abdc-b7d0940fe676:Adelle Housker
267778216:280821-56827078-80fd-40e9-8cd1-c5c172c8c87e:Grace Ko
886684191:280635-2c2c6981-9dce-4155-a346-edace4db1551:Brent Eickhoff 08/14/17
602135706:280371-e33f7513-2ae7-44e3-a459-082b17982e4f:Michael Monh 8/12/17
692550059:279364-261d6e65-9567-4099-bd79-1676130e8f01:Lauren Tucker - 08/05/17
978184134:278797-8ace938d-ce21-4ae8-bd96-862a45ed9a70:Adelle Housker 8/1/17
778582174:278644-12a80508-48bf-4b30-a95c-6ce33932b329:Rosa Perez 7/31/17
493051758:278086-81d6de49-06e2-4359-b264-d78e6df4e7cf:Grace Ko 7/27/17
414745676:277933-7bf4af01-ade9-42ad-88ad-e73315ece8a2:Sandesh Pandit 7/26/17
904970477:277923-e49b102c-fe39-4168-8f15-7f5b9a2b0695:Priscilla Chung Finder
850268671:277348-c193885d-877b-417b-9985-6fc4e0b3bf7e:John E Maddox - 07/22/17
526251243:276196-fbcca3f3-d31b-4662-a133-6f9748c895af:Stuart Kershaw 07/14/17
461016814:275619-11e166a6-0c84-4e00-b1f2-3787153c8e3d:Mila Hose 07/10/17
433187618:275323-843e4996-8062-4ebc-87b8-8b6d6114010f:Sean Spencer - 07/08/17
756527273:275197-72e2538c-164f-4ec9-9350-f2814d89e7b5:Jeramiah Interivew 07/07/17
909894725:274324-b7d753f3-cbf6-4377-9ef5-dfce664c80ca:Rachel Noble - 07/01/16
890548098:274315-ff2a95d2-8379-4feb-b884-c7e3cbde06e7:Rob Birch - 07/01/17
740917577:273316-f70d7b66-29e2-4ef3-8597-1031591ac392:Michelle Wiryadi - 06/24/17
351350773:273306-3e027470-2778-40e4-8798-563d7ae71776:Jae Whan Woo - 06/24/17
835092700:270878-58a5d01c-3ac3-4a0c-a788-27ae8dbf6baa:Kuyik - 06/07/17
834520991:270681-9d149b72-8e10-4d05-bd19-379dc62964fd:Edmundo Rubio - 6/6/17
719301592:270547-19f373a6-6604-4e15-b8c3-1ac4441892e2:Yogas Karnik - 06/05/17
