683395775:292174-be0f5d19-7517-484a-b6ae-584be301d10f:Mo Tabouti 11/2/17
799653433:292019-546a0435-ea5e-48aa-825a-97b69cc4fa16:Joshua Park 10/1/17
181831032:289151-240cf24b-fc5f-4de6-a791-e347d48cd82b:Adam Mateo 10/12/17 
908049220:288706-eb4fd856-90ae-49e2-973b-803f215f61cc:William Eichhold 10/9/17
941489555:288678-4186a078-0211-497c-99db-c782d859edac:Vanessa Jimenez 10/09/17
679006112:287969-0695ebab-a4bb-4521-b27b-d4b4eb1e06d0:Tom Humphrey 10/04/17
990679520:287698-8757950c-4e72-4864-91f1-ab1f4739de8a:Man Leung 10/02/17
125665002:286126-eac7e83c-42ed-4067-bad6-85217853967d:Daniela Tizon - 09/21/2017
519139876:286108-d74d860f-cf7c-48c7-b33c-55f69fc1f01b:Davia DeNisco - 9/21/2017
951724259:285388-a3bfc6c0-51f4-4984-8dc4-6bf11b838bb0:David Sehl 9/16/2017
171124639:284962-f9131ff3-3166-4076-a84a-a375f65316a4:Elis Dervishi - 09/13/2017
818473947:284380-3197e279-d3a4-44aa-a334-8bb7561d5871:Thomas York - 09/09/2017
151002694:284110-895f954a-dabf-447b-a14a-2d1b5684d50e:Eric Sperling - 09/07/2017
172439458:283234-1fb1efc8-6fd8-4c2a-b8d9-61e858bc77c5:richard schrader 09/01/17
634844487:283103-3e45013b-47c0-4dc5-9eef-302d8b8d720d:Saurabh Aum Dutta 08/31/17
293818598:282947-f212ea56-e1d5-4a4f-a96c-03ba8bb3ecc5:Chih-Chin Tien 08/30/17
862075314:282919-0e281155-4921-4942-b0f2-d19095dd7877:Christine H Ma - 08/30/2017
157921956:282796-de710af8-35bf-4354-b7aa-65eb7119ebe7:Ben Israel Suarez - 08/29/2017
469601293:282076-dc68432d-a187-4dfe-b5f9-9741e27d5450:Monica Restrepo - 08/24/2017
974973374:281788-ba632c01-b2f1-4b82-8b54-5fe32e06fedf:Jason McCutchan - 08-22-2017
346950146:281329-708a2f3b-8ce1-4dd3-ba97-0520775d4893:Chris Peter - 08/19/2017
790187590:281226-cfd9cd26-18e6-439e-96bd-13ede870fd09:Christine Kong 08/18/17
900366177:281086-1de4cbf3-227e-41c0-b0a9-f05ae776d5c7:Annah Pelin - 08/17/2017
254396150:281068-f5c1bcac-16c0-42ab-bb49-a62a906f34a4:Bill Domanick - 08-17-2017
300025309:280930-ef5efdea-ddfc-445a-a36c-fad15c44202d:Alexander MacRae 08/16/17
481131980:280930-c4a43b4f-7955-40e6-a583-88cdfe6c8d7c:Jacqueline Chang - 08/16/2017
540363543:280642-6658a817-9e66-424f-b850-1a941fe02a32:RJ Barnett - 08/14/2017
225973716:280320-66154145-3f58-4e4d-8588-d2012679930c:Heidi Poon - 08/12/2017
104754143:280212-d2a3803a-06ce-42ca-8726-14ae9ad7882a:Banu Yilmaz 07/11/17
698583097:279922-9c10957c-8f7c-4f9f-a8d8-710e8bec75c1:Christine Ma - 08/09/2017
474945993:279340-bfbf600c-8639-40e0-bcbc-dff947e57ed0:Derrick Theodore - 08/05/2017
681673115:278918-d14ef1aa-747f-4222-bad2-3ae02a00b098:Hoang Nguyen 08/02/17
921935481:278626-689b5fd2-26ed-4a16-8632-460575db69ff:Samuel Yun 07/31/17
192556104:278331-d659d4a5-43b2-4eb0-bbf8-ece909646e76:rj.barnett1@gmail.com - 07/29/17
699106439:278305-d7d19f21-ef1f-43ec-89bf-1a23028b1347:Rachel Arkebauer - 07/29/17
927385286:277906-d9ab424d-3050-4639-91fe-28c610e3c6de:Mueed Chaundry - 07/26/17
343073809:277888-4fa15814-0ce2-40bc-835b-9aa513915fba:Samuel Kwon - 07/26/17
496149335:277756-3656f843-4faf-4201-9726-7d4aa7923935:Bryan Le - 07/25/17
535520730:277297-9b7385fc-f07b-4e35-807a-bcdb728aeb8a:Rohan Saigal - 07/22/17
935106370:277159-06d92bad-c2b2-4b3a-a32e-55ff10da8dbc:Muhammad Hamza Noor - 07/21/17
502031480:277054-bd0850ed-97b2-4fd2-93d7-c37afc6a7d2d:Scott Lassen - 07/20/2017
611543987:277036-561761e4-99d8-4b44-b21d-d3c132904dc8:Jeffrey Cheung - 07/20/17
694069018:276766-a2f7066a-c569-4e89-8390-c226e89fddc5:Matthew Szekalski - 07/18/2017
514694598:276151-51a263a2-e507-4b08-9a5e-7365acaaa7f1:William Derrenberger - 07/14/17
393952659:276028-c63e4745-e47a-4357-9f79-2eda117c8159:Evan Baker - 07/13/17
513816695:275872-17934f6e-cfec-40ad-802f-30c2993b9e44:Samuel Kwon - 07/12/17
244921123:275740-520d292b-7988-4401-a82b-9abba6feff11:Veekas Shrivastava - 07/11/17
663296419:275283-2130a0ee-90c6-497c-8350-1e714c373f42:Leo Bogod - 07/08/17
285838383:275143-4638263a-870b-4c2b-912d-8b32a79b6c55:reid sherman - 07/07/17
608302986:275038-05eb3e36-947b-45e5-8a4d-92b7acf0d3fd:Umedjon Ibrohimov - 07/06/2017
548490921:274864-a90a360d-8ef3-47ff-9ed4-4bb1fdfea84d:Deveren Fogle - 07/05/17
445200816:274855-695a7731-1f30-464d-806f-ec9ab3de0a3d:Martin Chin - 07/05/17
458718540:274273-579d08b5-301f-4063-985b-f8d09ad90bb6:Yusaku Kasahara - 7/1/17
918347135:274162-d646e70b-43fc-4fd8-80c6-76cff737af5d:Gil Mandler - 06/30/17
734300151:274144-664132ba-d75e-4364-8dfc-37e761e1aa29:Kenneth Tso - 06/30/17
831751329:274012-40f23198-dece-4608-9939-9e0d1946cc1c:Joseph Williamson - 06/29/17
418987283:273874-faa75bf7-5854-4f14-a458-c4376a16306f:Dylan McBurnett - 06/28/17
680674290:273847-a756bcb6-687a-43f6-92b2-eec543a0f1b3:Yang Wang - 06/28/17
480736704:273724-6d227161-242c-44ea-b6d6-29b3da6853b9:Kai Chen - 06/27/17
198557966:273004-f8a0b2cf-d75a-418f-a80b-e1ea9c6e1e2f:Umedjon Ibrohimov - 06/22/17
926308919:272847-799496c7-248c-4a2b-a2d0-7db2a25787df:Kiernan Hahn - 06/21/17
114468380:272733-c9277a75-ef28-4537-b6cd-e13940303871:Kyle North - 06/20/17
372968148:272716-51d6f467-0d9e-45db-91ad-6c35f0ce04c2:Suhan Wijaya - 06/20/17
514570564:272127-ccc0746c-07b3-4d6f-a9d7-447d9020f600:Alex Friedman - 06/16/17
957745852:271840-6d93938e-54ea-4bd9-b58d-2a94c36f8753:Yiming Jiang - 06/14/17
603454704:271709-ed70f298-db05-4696-afdf-57ed358d315f:Nick Chen - 06/13/17
759555931:271249-6713b1ec-28e8-48c0-a834-0efe35af1c25:David Zou - 06/10/17
828897864:271006-1ecf9b88-0d0e-4a4c-ab43-aacb2ee91195:Christopher Lee - 06/08/2017
581517035:270831-3363ca8c-2180-467c-b426-079898bdf43d:Umedjon Ibrohimov - 06/7/17
989431825:270719-9571e792-a4a5-4125-b6c1-6814fdbc3d52:Zack WIlder - 06/06/17
895320093:270562-bc80be28-6559-4b73-a614-8ce595595767:Alex Tatarinov
