256399400:292451-dfe6069e-43de-4c3f-b663-22f766ecd465:Testy McTesterson
451194632:292339-158666df-0a28-4850-a745-a4eb25621efc:Melissa Aybar
749758729:292321-715ae6bf-97b2-41c4-a62a-8d0eb25c0933:Catherine Tran 11/3/17
73228672891:292312-8b87434a-5613-4a2e-829e-7ab2683ecf54:Hack's Meeting
73228672891:292195-d950433b-9d93-456f-87e9-8c12245e808e:Hack's Meeting
149448659:292182-4d84a4b1-5fbc-4bb2-bbc0-ecdb2ae47921:Test 11/02/17
223231481:292178-5c0dc8c3-a5fc-4528-ae51-eca2f5dac209:Sashank Aryal 11/2/17
742916318:292166-efc20272-3120-4cf0-b1ae-9e2641cba646:Steven Ortega
785853740:292024-141b7fe1-83b5-4594-b8ac-075420350ade:Jacob Granberry
916499054:292019-1f876e87-e192-452e-b0fc-5f33537f0b3a:John Doe 11/1/17
916499054:292018-b3bfbcbb-7328-486c-b6d6-d7e02a507fc9:John Doe 11/1/17
916499054:292016-fe44f0bd-5a64-4c2f-a030-f1c23a76b963:John Doe 11/1/17
438883369:291880-df341436-2f76-4627-b45c-c4ed0d5bc84a:Blake Harris
759684535:290322-84043249-afe6-4146-ba84-9c8f7c811b53:Richard Gomez 10/20/17
373996776:290301-9181027c-9557-40e7-8a5a-20726aa1ce37:JP Angelle
435375400:290295-db30d7e6-02a0-4910-8038-ba6e70c04de5:Jean Paul Angelle 10/20/17
73228672891:290145-f1ae54f1-ac86-4e38-8e81-675d1571dbdd:Hack's Meeting
286866101:289858-f1c4bf44-52b9-4ddb-9c92-eae15757f179:Amy Glover 10/17/17
992967313:289138-a417c8b7-8a3d-4002-9361-5d3ccd0ea946:Sean Quillen 10/12/17
916612405:289008-bff1494b-80f7-4e4b-9d42-f5280ab3d7d8:Vernon Kirby
354413543:288307-e7cd8d48-0103-491a-bfb7-0930214a72f0:Shahzeb Meghani
133452274:288281-130f6f4a-6107-4bf0-99f5-21abf1a6562a:Jackie Wang 10/06/17
379715080:288162-27bf0959-f168-490e-8e02-5be9e3fe4791:Mark Valentine 10/05/17
452698907:288145-bbcc1aab-489b-4b64-af08-580dc1012986:Mubeen Ali 10/5/17
930906605:288000-20173f12-9502-4a08-834b-6d33f621697c:Justin Wyatt
308939642:287416-006146fa-f0de-4f9a-8203-58d75804f499:Rodrigo Pereira 09/30/17
690269237:287010-839026ae-e6d2-413e-92cf-50a6727b1d22:Hailey Bobella 09/27/17
830650259:286978-a41c5b33-e748-4fac-993f-eaf2404fd710:Kartik Parihar 9/27/17
565905624:286849-7ae55a96-94b1-4c82-ab96-614cfc9446af:Quyen Nguyen 9/26/17
652780404:284824-4221c33a-35d6-4e53-b86f-83074aa47a36:James Byrd
858161104:284674-48c6e2bc-1868-4bc5-97a1-666f75b86b12:Jonathan Meischen 09/11/17
191717176:284392-e3272471-c32e-4e09-805f-e174107c6d66:Denis Ribeiro
232015785:284256-b749a259-ae28-440b-8906-0eea5cae7b52:Jon Michie 9/8/17
975393149:283383-c8adefdb-8104-4f9e-a32b-f67ad20d8e05:Jwanza Levels
915449928:283266-89798dfb-c711-40dc-acaf-c092760a8868:Scott Grimes 9/1/17
515413561:283123-cc68e867-d0f3-4f47-b59c-94b47cef4592:Catherine Tran 08/31/17
137951820:282115-1eff8b8e-ef23-49e0-9e64-133b8670eb8f:Jason McLaughlin 08/24/17
449069745:282100-db8e3d06-6dde-400f-a51e-64865ad1efa5:Anders Lund 8/24/17
111898869:281953-70ddf71c-b29f-41f4-88b3-be9b90f4c23e:Ross Salge 4/23/17
815834696:281794-91a909f9-4a46-4904-ac84-48c3516232c6:Spencer Vaterlaus 8/22/17
226492694:281367-4402bf8b-5849-42b2-85b5-e162d7a3d322:Matthew Mullen 8/19/17
452375005:281251-88cc5610-2e1a-4027-a96f-b61528fe0f53:Jawad Ashour 8/18/17
462276653:281088-add49971-8165-4a03-b1a4-bce9966294c5:Michael Flis
195863419:280936-43be8a3b-afff-4c93-a2af-f053d1198c92:Max Lavicka 8/16/17
560368891:280929-920b576c-c32b-402d-ab77-60ceeac7435f:Victor Huynh 8/16/17
352027269:280358-cecdd74a-63eb-4385-9a2f-2eb2638d8ed9:Andrew Dibble 8/12/17
685622260:280224-f62f7b0c-2119-4161-9875-4b4cca47cf46:Ross Salge 8/11/17
166581296:280210-921e34d4-8220-4e89-81f7-bce947aae7e5:Seamus Martin 8/11/17
644820336:280099-e8270880-28a9-4740-9b57-079f1a1aa191:Vivian Chang 08/10/17
412271291:280072-f6e8b45f-3dce-40f3-9425-199eeea94235:Kuyik Akpan 8/10/17
901219422:279927-781e96d6-7a6b-4652-a86a-e7c252d390de:William Hendricks 8/9/17
362740541:279633-13d17162-e98b-495f-bad2-878d7b79e925:Adam Miller 08/07/17
416760685:279207-6bf3b55a-06b4-40c0-a1d8-eb172a71fc8d:Jill Stapleton 08/04/17
302906711:279207-680c9fc8-4158-417a-a8bf-88f2d903fc81:Carter Duncan 8/4/17
767440325:278912-effbd0e3-3c45-45de-90dc-23e7336fd55b:Timothy Eubank 08/02/17
892227503:278802-48225462-0c32-4d1b-8ff3-31a2e2750ce5:Cecilia Goss
468931467:278783-418549cf-079c-4cac-a6c0-82eec459063d:Philip Allen 08/01/17
274636295:278635-6dabff5a-f4f4-4803-81ca-2dbfaf8f0c83:Test
802661939:278208-94d3b6e1-c782-49c6-9bcb-68fcf26a0ace:Nicolas Montoya 7/28/17
979652867:278200-4b70529c-3f2a-4f67-92d7-268409bc1eff:Jaclyn Lozano
171505392:278068-b27497f7-fb74-43ce-9b08-58c93e16acfe:Test Mock Interview Gabe
514079639:277910-6f654e92-b30e-4c02-8672-3e5fcdc8536b:Testy McTesterson 7/26/2017
261335335:276912-43b0b1bd-ee17-40d2-b25b-ca53f8e49be9:Gopi Sai Palutla 07/19/2017
712045772:276897-49010a53-7a97-4501-8ed6-66198810bd1c:(Kevin) Yongchul Kim
968711175:276767-87412a7f-79e4-4b2f-b482-caf71338ec63:Clayton Smart 7/18/17
358981542:276178-5183eeff-b919-43e9-acb5-9c74fe3d6125:7/14/17 Frank Robenalt
758244341:275760-5043f7c9-7d15-4d8e-83fe-091314639a41:Tyler Cable 7/11
731646911:275746-283b7ad8-338c-4b2b-8ca8-f1ead91e968d:Terrance Loughry 7/11/17
273044554:274896-17e83f23-896f-443b-97dc-33be16702021:David Gutierrez 7/5/17
751912930:274310-c05c41ec-58f3-40c1-8394-592a993cdc4d:Vincent Wade 7/1/17
385961402:274176-1d0f6ceb-1b73-4097-b40c-989a48194bd0:Andrea Cookson 6/30/17
505462117:274169-f90a26a6-a3f6-4784-84ee-bf5a05468c49:6/30/17 Natasha Robarge
596807506:274023-b757fcf7-f99b-4141-b0c7-6d92713c09b9:6/29/17 Caleb Kress
866555154:273906-248a20eb-6ad6-4d79-9dc0-c52dc12d3c5d:Charlie Wilhite 6/28/17
988958858:273880-9464840c-7f8e-4349-ad41-870181f42374:Tristyn Leos 6/28/17
848600768:273743-5d71a3d5-ceac-46f8-86dd-9068a7adb071:Aaron Liss
871318387:273304-d43b1182-bfa9-4029-a42e-60af48ac4d27:Albert Chung 6/24/17
729066845:273166-5189c1b5-ebd0-4054-bfd0-b8da7c572299:Peter Kong 6/23/17
504527784:273043-a498b78a-4732-4d0a-937f-736bb087f619:Matt Lee - 6/22/17
563206599:272020-09e4587f-c394-40cd-824c-2ecec21dbad7:Zachary Biernat - 6/15/17
419117570:271286-0d67db65-36be-4bf1-96da-bfbab000d7a2:Kyle Marienthal 6/10/17 
