444103082:292755-22536714-8dff-4568-a4e6-c4457380b6f6:Hyunjae Paek 11/06/2017
7322867521:292320-5336359c-b98f-4eab-a1e0-fce3094f5755:Brent DeBenedictis (SSP8) RA - Jonathan Yi
152897746:292204-a0f5cb6c-5ba1-4124-8bbb-365514c64995:Robin De La Rosa - 11/02/17
811992751:291886-bea3a4e4-7f14-40b7-a21b-f8d94934925b:Ian Hinden - 10/31/2017
848025905:291742-c9ea5625-043b-4e73-ab7d-f499c7cdbd10:Arthur Albegov - 10/30/2017
7322867521:291727-477c3a45-d6c5-4f68-ae43-caa669b053fd:Qiang Song (SSP8) RA - Jonathan Yi
7322867521:290721-5f86830e-2e55-4419-bd14-66ccc684e552:Tyler Bray (SSP6) RA - Jonathan Yi
7322867521:290140-2cfb66d2-c80e-47a3-a5f3-5245d798af2c:Yahya Mashni - Tech Interview #2 (10/19/17)
609618752:289994-20ae4558-9f50-4f69-9496-625ff3f618af:Diego Quintanal (10.18.2017)
860078905:288844-5011b976-c942-4450-a355-966e3819466d:Yahya Mashni - 10-10-2017
257205349:288728-47a0bf9e-efe7-4b22-8046-5cefeaaddd38:Chris King - 10/09/17
490911511:288292-bf29f22e-44e8-40bd-8389-e35a450581a8:Kevin Vo - 10/6/2017
453308505:288259-9b452f79-e793-4c61-b04f-eaac137875b5:Eric Carmona - 10/06/17
478258907:288272-94d1047a-aa38-46a4-b13f-dd9dbc81dd4d:Avi Cohen
649161107:288172-e1a62ab5-9953-4bc6-b4ef-4ebb75028088:Sylvain Ung 10/05/2017
323071881:288142-4ec3f547-1674-4388-a2ab-c47cca8b1497:Justin Ko
852957763:288141-93a4f555-a730-401c-a1f8-6e4f40bb983f:Hyunjae Paek - 10/05/17
200576517:288124-a69a898f-50c1-4ebd-b94b-19cecc4227c2:Daniel Sanchez
404789701:288123-eda695a5-9e43-4e3c-9931-4bf4f206c659:Peter Wang - 10/05/17
609741809:287980-11ec61ba-b34c-4283-9118-b23911725c7a:David Lao - 10/04/17
384090729:287979-a7342208-1e92-4e16-8c60-3df25c1554d8:Scott Bengston 
7322867521:287853-10741d0f-0534-42da-9545-33ff21472b92:Hack's Meeting
124097219:287837-25865ec1-0b32-4f70-8e92-93c507023d49:Stephen Lin - 10/3/2017
509040802:287740-6f73319c-aeb4-4fdc-ab97-101d34ba1919:Karolee Carlson (10.02.2017)
7322867521:287742-8167e69b-47be-453e-822d-f86e58168baa: Willy Louis-Charles Interview - 10/2/17
705439320:287709-8379b03a-2d9b-4fb6-bdce-a45edb7eaae6:Patrick Wu - 10/2/2017
7322867521:287165-707918d2-dcfa-4579-bfe2-0882fee409c2:Jinting Wang's Technical Interview- 09/29/17
312875508:286971-5c43b183-8981-424e-a8c6-b344f5157f6a:Simon Park (09.27.2017)
723667146:286845-19611363-b2f2-43dc-a0aa-740b40ef016a:Yu-fan Wang 9/26/2017
840510762:286734-248c92f9-6185-4336-bcc5-62452e83736b: Kevin Lam (9.25.2017)
7322867521:286733-c33c66e4-dd89-48c4-9b7a-097f879a6ecd:Hack's Meeting
574041555:286243-c9f081e4-2d1b-4b5a-91f0-4ede4d9a3589:Jacob Leavell - 09/22/17
7322867521:286136-44130236-515c-47c1-ade7-ef370f08da26:Niv Salamon (SSP5) RA - Jonathan Yi
7322867521:286132-39c8526c-a198-4470-a877-4fc33433cd12:William Park (SSP5) RA - Jonathan Yi
7322867521:286129-1f2886e2-000e-4420-a4f7-0f2f2628e8b3:Jamie Lo (SSP5) RA - Jonathan Yi
7322867521:286126-9a92202d-2157-4266-9e31-6b2e019d8cef:Shivani Patel (SSP5) RA - Jonathan Yi
807932525:286106-6a3f041a-17c0-43a6-909a-c760527c7224:Alex Jaynes 9/21/2017
510696002:285969-52e0d138-d3c6-4227-881f-c5a535b9f581:Oluwagbemiga Adejoorin
7322867521:285856-d055df2a-313f-43f0-8318-67233616c534:Yi Yang Tan (SSP4) RA - Jonathan Yi
890193326:285842-d434a5e7-e67e-4140-8df3-9145d62fcff7:Carter Theogene
585896475:285693-6d1f150c-99b3-4a8c-8e88-540a7c9c7425:Alex Jaynes - 09/18/17
842018736:284948-eb2a46a6-4e4f-4756-83c9-99b26751ce4d:Luna Kim - 08/13/17
313671751:284695-0cd3b7a4-3bc3-42db-b635-52608acbf5b8:David Chung (09/11/17)
7322867521:284140-362075ff-5829-4345-853c-a5908dbc8fdb:Hack's Meeting
851676497:284112-399d1499-ff84-4538-8dac-cc56c837a45e:Qiang Song
136190456:283821-a563aed4-bd83-48d4-b8a6-bd468b42aeea:Justin Yip 09/05/2017
7322867521:283110-a9f5c07f-d852-4905-ace9-be19d4985434:Hack's Meeting
7322867521:282826-185f8bfc-f157-4ed3-9010-8df9b4569c16:Hack's Meeting
295863441:282104-a7210ca2-ee9b-4a7f-92fe-fdd66ae6b0d0:Mostafa Aboelmagd
7322867521:282095-beb644e5-2ac3-435f-a0c7-646466757dba:Hack's Meeting
7322867521:281390-8fa19411-8cba-4da7-b813-71327db01e76:Hack's Meeting
440362473:281211-3626d221-585a-4b06-9467-75da5668cb53:Amanda Bozigian
7322867521:281117-2ab073b9-f338-4614-82f2-a1e4805171b0:Hack's Meeting
7322867521:281096-ff54aace-5394-41f1-a2db-41cceb0f02cf:Hack's Meeting
724420369:281089-c989c298-2435-449e-a173-1dd453a4bbea:William Park 08/17/17
629691402:281067-2b532d39-e395-4cee-a585-e6deff825596: Smita Bhakta (08.17.2017)
933340986:281076-8961188e-2672-46af-9127-ff65adea68fe:Adrian Meza 07/17/2017
932365819:281067-5f1079c3-7342-4e7d-bbd6-47732f6d457e:Katherine Sampias 08/17/2017
310312890:281068-de2e785d-bfcc-48bd-b116-4e751ecb7563:Jacob Perez 08/17/2017
735312505:280942-b326a479-1480-47c3-98af-ddaec7629ecb:Lauren Jones (08.16.2017)
488950316:280948-c708c5e4-a092-4e93-9fcf-ab53c352ed8f:Christine Tran 8/16/17
452306880:280950-7db66410-9ee9-4733-b934-f2afba0dd132:Jerry Tang (08/16/17)
646013043:280925-67ae688e-e7a3-45c6-b361-ab09f497bf3d:Jeffrey Ueo (08/16/17)
425981689:280924-22f05d21-dcfa-42c3-aac8-8bdccddceb02:Richard Seung Oh (08.16.2017)
131066508:280915-38ae6af6-1ea6-4965-9c83-572ab0b5fd26:Francesca Sadikin 08/16/17
7322867521:280825-3c733c2a-79f7-45b8-91d2-6d59a02a306e:Hack's Meeting
465400041:280828-8a85d0b7-da29-4294-a692-fad133bb6730:Zac St Louis Tech Interview
230796515:280789-304e75db-eca8-42d3-95d8-c994535eb6fc:Harry Cam
693538132:280779-f0e2c9aa-ae3c-451d-a46f-6098f4b35171:Max Lavicka 07/15/2017
906901154:280664-ee475361-ea5e-4670-ad8b-e40d9e4234bc:Kevin Vo (08/14/17)
7322867521:280626-78a2a099-1703-40d3-8130-dcb2fcbe0b53:Hack's Meeting
7322867521:280193-24120487-2728-4bdc-a53a-937b49b85b2f:Hack's Meeting
7322867521:280086-e557d53f-933a-41cb-a8a3-6d95e0aee316:Hack's Meeting
185362569:280078-48bb27ac-1b1e-467a-91d8-92e182bf7455:Scott Bengtson 08/10/17
572054851:279646-7c0322c4-8f55-4dd8-8e35-cf93db0dae9a:Kenneth Lee 08/7/2017
7322867521:279193-30f6e70c-b9a9-4226-a0b8-289db7106e61:SSP RA - Joey Oranuba
824364125:279051-d5299a33-1f90-44ca-9870-3a42d1347a79:Zhen Yu Yong (08.03.17)
697571007:279052-00ef7876-8048-4158-a97b-d7acc1d53eb2:Erica Kim 08/03/2017
7322867521:279049-56787836-1ee4-4666-986e-9327fa298c7e:SSP RA David Engelstad & Alex Ko
358375486:278930-5fc3727d-64c7-45d1-beb3-725ff4fd7812:Ruslan Shneyder
7322867521:278928-a7c8f736-d325-4c6e-9aa3-1cff3a49ecad:SSP RA - Diana Tecson
7322867521:278925-d20820a9-fabe-49a6-9f96-a05bb520b15f:SSP RA - Ringo Yip
7322867521:278908-3a027924-983e-4aa8-af88-44cf5f04dcae:SSP RA - Jerry Tang
7322867521:278904-589bb9f5-3d2f-4dbc-b76c-c04947ca8eeb:SSP RA - Raul Gutierrez
7322867521:278811-4094de96-79ad-4ca9-9b6a-cb1f608c2218:Hack's Meeting
7322867521:278792-205f5a40-ee5d-4c84-862c-9a766a802cc4:Hack's Meeting
7322867521:278781-4e6ee7b9-0f09-403e-98b8-6894f718d4b2:SSP RA - Kunal Patel & Woojun Choi
881104727:278666-c9587855-052c-4216-b860-1357de825a62:Moises A Munozlopez (7.31.2017)
7322867521:278641-981eed4c-3372-4437-bdf6-a2f6ce9e0298:SSP RA - Philip Marazita
7322867521:278636-a98fe8b2-587b-40d5-8a84-e6f286f0fa87:SSP RA - Jafaar Skafi 
7322867521:278069-6f6a0d70-ade0-4e0d-a1a3-34c270d9d6bb:Jay Ko 07/27/17
7322867521:277781-1bd020f2-b5be-4fdf-ae13-ce305c4f516b:Alexandre Kozma 07/25/17
663821477:277775-046f6045-f13d-4221-982a-3866fdc18517:Ruslan Shneyder 07/25/17
341198499:277773-2e4ee18a-e6dc-4ea9-9381-2cdc3061565b:Connor Chen 07/25/2017
185762104:277755-fc4db0cb-1099-408a-a0bb-68328b0679fe:Carter Chavez 07/25/2017
7322867521:277661-28e5b5d0-2a53-4937-bc26-2a13421406ec:Brien Southward 07/24/17
482906210:277037-1ab9ff85-f46a-4a1e-be2d-ae373e0626c2:Brent Eickhoff (July 20, 2017)
7322867521:276918-d345df7a-82ac-4031-af87-f992628e48bb:Michael Taylor July 19, 2017
637668225:276919-8ce45b66-9478-41f4-afd7-fea17cfa4cb6:Amir Nickroo (07/19/17)
227472983:276891-a8847038-6092-46f5-b6a5-2922fbdf8f6c:Gordon Farquharson (07/19/17)
228305946:276764-5c9eb6d0-9a56-4776-bf06-eb83b72f83f4:Henry Au 07/18/2017
7322867521:276652-8f30d95b-f62f-4f7e-89a7-119966989d59:Anna Glover 07/17/17
884407007:276174-cdb384cb-3859-4a66-b29f-222ee7dcadd1:Augusto Alvarez (07/14/17)
7322867521:276060-5aca936a-2c90-4179-bbec-a5a61e717daa:Colin Contreary 07/13/17
721787379:275911-2e915d53-2707-4006-b66a-010a0a101411:Bekzat Omrzakov (06/12/17)
495756260:274875-bd43d4ab-cf37-4417-9e2b-afc55098da14:Dae Young Roh 07/5/17
7322867521:274637-d3e17dd6-a5af-4156-b06c-6b8f69c3e32e:Brendan Viloria 07/03/17
590873658:274175-da20e845-1d87-4df7-bbb0-c500e45eb78d:Jordan Daniels 6/30/17
138064271:274173-380a41c9-6139-4372-b039-63fb81c95a70:Austin Johnson 06/30/17
7322867521:274149-974e3fda-578d-494c-bcb3-562c73557b07:Hack's Meeting
7322867521:274060-afb16746-2bc1-48b5-9606-105b55395f14:Philip Jun 06/29/17
7322867521:274038-28829799-4474-450b-bb53-b6fe0f2ad6db:Mark Chen 06/29/17
479148845:274030-85d9d5e8-dd4f-423f-9b32-52ec76239a6a:Josh Godinez 06/29/17
200146270:274029-d609f711-3f5a-474b-b882-1af7e8bbfb54:Jeffrey Ueo 06/29/17
834917494:274019-4611418d-e665-4055-a2d9-c9f0a0e947b6:Jaafar Skafi 06/29/17
7322867521:273915-aa17c9a6-c5e2-47d2-a96b-b1ac07ef685d:Tiffany Wang 06/28/17
458163754:273866-aa92eae7-439a-4361-8b86-94796dee1667:Tiffany Phan 06/28/17
7322867521:273771-9b1dc548-faab-45f3-8f7a-6bd970500024:Kiki Okaly 06/28/17
7322867521:273752-0b9baca6-b3d0-4e9d-872e-cfd61f05f223:James Brandt 06/28/17
227289198:273742-a7e30d21-e3f0-45f5-9d51-35778c73ccdd:Dillon White 6/27/17
476170041:273741-8de227c4-9333-4f87-82ae-d7a91ea191b1:Woojun Choi 6/27/17
779942064:273722-98de2c46-b806-4914-8e60-010d939e2f3b:Gabriel Katz 6/27/17
7322867521:273627-bd544288-df7b-4213-85e4-a12da8b4f0f5:Kiwook Kwon 06/26/17
389702357:273598-c458897b-ce66-41de-aea9-54473f5fb93b:William He 06/26/17
366962347:273148-2fa62c4d-26cc-4cce-8a37-ef37e56b1699:Adil Minocherhomjee 06/23/2017
7322867521:273053-b7f5805a-c776-4ce7-b40f-6a26af2fe5fc:Angela Tang 06/22/17
7322867521:273030-9293c55d-1e55-4c03-ac07-6ca8625c77b2:Raul Gutierrez 06/22/17
130356477:272718-d06ed8dc-6123-4e26-af81-4cf553dbc937:Kelly Gilliam SSP
7322867521:272715-c9e3ccf1-3e48-4cba-9c3c-af9f13a84a0e:Hack's Meeting
376553166:272601-1f3d65e9-5458-426d-883f-8dcfb35a4bfb:David Alexander Leigh (06/19/17)
617489557:272580-eeccff32-1c2d-4e46-8c15-dffd3a46187c:Dhruv Patel 06/19/17 (SSP)
869807144:272147-c4e57670-c442-4545-b0a6-9819b164c577:Yi Yang Tan, 16th Jun
7322867521:272047-21043490-be1e-412d-89b3-b9f7cc3e2c3f:Woojun(Tim) Choi 06/15/17
7322867521:272022-e9398217-949c-4493-8388-dc1b9f1f3e7e:Daniel Kim 06/15/17 (SSP)
882438394:271900-13d1fc87-e883-48d8-ab53-c0663c71c448:Kevin Romero-Zalana 6/14/2017
415629518:271880-c922a8dc-ae13-4980-b7f2-279ba972ff69:Paul Trichon 6/14/2017
573218421:271581-6da8bea2-fe46-4ada-b8b7-6b96e2c46bfa:Daniel Chong 6-12-2017
592147913:271159-f54389c1-73a1-4e3d-acae-8b5a72722d74:Brian Manalac 6/9/2017
698777674:271150-1b77d258-0b37-4e3c-b292-0a1c73ee11c5:Nicholas Duckwiler 06/09/17
792891537:271015-9e8be485-0332-44a7-a883-11d8a2dcb42f:Josemari Feliciano 06/08/17
7322867521:271006-c190145e-1e32-42ca-8c87-3f6af1a55f4b:Zu Pong(Brian) Wu 06/08/17
7322867521:270862-374f05ee-29c3-4fc1-b4c0-7f075d19887c:Gian Cui 06/07/17
471492692:270853-fe790414-6b95-43ac-a39d-c3774013768e:Max Jacobs 06/07/17
7322867521:270746-4255bb3f-3062-4c8a-8d27-40d56f24cc87:Brandon Danh 06/06/17
833366361:270574-537ca5ba-cae5-4e91-b346-1b45118e0080:Andrew Dell - 06/05/2017
204590384:270028-0dd38442-e05a-4aca-adda-82eb1bf5e75c:Angelica Calderon 06/01/17
456795163:270005-6ccc6d95-ab2f-41c5-8a7c-548c3e56a124:Daniel Lien 06/01/17
7322867521:269997-05af7856-ecc4-48e6-ad07-127eded9202a:Taiwo Adelabu 06/01/17
420245175:269883-9955635a-0ea0-4157-bfa2-e8ac2a99c30a:Jason Nguyen 05/31/17
